{"name":"Adding an event with an invalid past date","status":"failed","statusDetails":{"known":false,"muted":false,"flaky":false,"message":"expected [true] but found [false]","trace":"java.lang.AssertionError: expected [true] but found [false]\r\n\tat org.testng.Assert.fail(Assert.java:97)\r\n\tat org.testng.Assert.failNotEquals(Assert.java:969)\r\n\tat org.testng.Assert.assertTrue(Assert.java:43)\r\n\tat org.testng.Assert.assertTrue(Assert.java:53)\r\n\tat stepdefinition.tc8_adding_invalid_event.the_system_should_display_and_error_message_Event_date_must_be_today_or_a_future_date(tc8_adding_invalid_event.java:54)\r\n\tat ✽.the system should display and error message Event date must be today or a future date(file:///C:/Users/Administrator/Documents/Selenium%20demo/codecharge_community_portal_capstone/features/Events.feature:13)\r\n"},"stage":"finished","steps":[{"name":"When  the admin enters the invalid event details, Date as \"01/01/2001\", Title as \"New Year Party\", Description as \"Celebrate the New Year\", Location as \"Main Auditorium\", and Presenter as \"CEO\"","status":"passed","statusDetails":{"known":false,"muted":false,"flaky":false},"stage":"finished","steps":[],"attachments":[],"parameters":[],"start":1764084559171,"stop":1764084560694},{"name":"And  click the add button for invalid case","status":"passed","statusDetails":{"known":false,"muted":false,"flaky":false},"stage":"finished","steps":[],"attachments":[],"parameters":[],"start":1764084560695,"stop":1764084564548},{"name":"Then  the system should display and error message Event date must be today or a future date","status":"failed","statusDetails":{"known":false,"muted":false,"flaky":false,"message":"expected [true] but found [false]","trace":"java.lang.AssertionError: expected [true] but found [false]\r\n\tat org.testng.Assert.fail(Assert.java:97)\r\n\tat org.testng.Assert.failNotEquals(Assert.java:969)\r\n\tat org.testng.Assert.assertTrue(Assert.java:43)\r\n\tat org.testng.Assert.assertTrue(Assert.java:53)\r\n\tat stepdefinition.tc8_adding_invalid_event.the_system_should_display_and_error_message_Event_date_must_be_today_or_a_future_date(tc8_adding_invalid_event.java:54)\r\n\tat ✽.the system should display and error message Event date must be today or a future date(file:///C:/Users/Administrator/Documents/Selenium%20demo/codecharge_community_portal_capstone/features/Events.feature:13)\r\n"},"stage":"finished","steps":[],"attachments":[{"name":"Failure reason","source":"cbcf12e4-50d9-43f9-ac26-775b45ede89a-attachment.txt","type":"text/plain"}],"parameters":[],"start":1764084564552,"stop":1764084564672}],"attachments":[],"parameters":[],"start":1764084550298,"stop":1764084564964,"uuid":"207253a2-d76c-4fa7-83ca-9d1e47e566c2","historyId":"1bcd399612a1e234ed8b4acfa6543a7d","fullName":"Adding new events: Adding an event with an invalid past date","labels":[{"name":"tag","value":"event"},{"name":"host","value":"35345e759bdd59a"},{"name":"thread","value":"8028@35345e759bdd59a.main(3)"},{"name":"feature","value":"Adding new events"},{"name":"story","value":"Adding an event with an invalid past date"},{"name":"suite","value":"Adding new events"},{"name":"testClass","value":"Adding an event with an invalid past date"},{"name":"framework","value":"cucumber4jvm"},{"name":"language","value":"java"},{"name":"gherkin_uri","value":"file:///C:/Users/Administrator/Documents/Selenium%20demo/codecharge_community_portal_capstone/features/Events.feature"},{"name":"package","value":"features.Events_feature.Adding new events"}],"links":[]}