{"name":"Adding an event with an invalid past date","status":"failed","statusDetails":{"known":false,"muted":false,"flaky":false,"message":"expected [true] but found [false]","trace":"java.lang.AssertionError: expected [true] but found [false]\r\n\tat org.testng.Assert.fail(Assert.java:97)\r\n\tat org.testng.Assert.failNotEquals(Assert.java:969)\r\n\tat org.testng.Assert.assertTrue(Assert.java:43)\r\n\tat org.testng.Assert.assertTrue(Assert.java:53)\r\n\tat stepdefinition.tc8_adding_invalid_event.the_system_should_display_and_error_message_Event_date_must_be_today_or_a_future_date(tc8_adding_invalid_event.java:54)\r\n\tat ✽.the system should display and error message Event date must be today or a future date(file:///C:/Users/Administrator/Documents/Selenium%20demo/codecharge_community_portal_capstone/features/Events.feature:13)\r\n"},"stage":"finished","steps":[{"name":"When  the admin enters the invalid event details, Date as \"01/01/2001\", Title as \"New Year Party\", Description as \"Celebrate the New Year\", Location as \"Main Auditorium\", and Presenter as \"CEO\"","status":"passed","statusDetails":{"known":false,"muted":false,"flaky":false},"stage":"finished","steps":[],"attachments":[],"parameters":[],"start":1764083853131,"stop":1764083854619},{"name":"And  click the add button for invalid case","status":"passed","statusDetails":{"known":false,"muted":false,"flaky":false},"stage":"finished","steps":[],"attachments":[],"parameters":[],"start":1764083854620,"stop":1764083857696},{"name":"Then  the system should display and error message Event date must be today or a future date","status":"failed","statusDetails":{"known":false,"muted":false,"flaky":false,"message":"expected [true] but found [false]","trace":"java.lang.AssertionError: expected [true] but found [false]\r\n\tat org.testng.Assert.fail(Assert.java:97)\r\n\tat org.testng.Assert.failNotEquals(Assert.java:969)\r\n\tat org.testng.Assert.assertTrue(Assert.java:43)\r\n\tat org.testng.Assert.assertTrue(Assert.java:53)\r\n\tat stepdefinition.tc8_adding_invalid_event.the_system_should_display_and_error_message_Event_date_must_be_today_or_a_future_date(tc8_adding_invalid_event.java:54)\r\n\tat ✽.the system should display and error message Event date must be today or a future date(file:///C:/Users/Administrator/Documents/Selenium%20demo/codecharge_community_portal_capstone/features/Events.feature:13)\r\n"},"stage":"finished","steps":[],"attachments":[{"name":"Failure reason","source":"91d663c1-7d82-429e-a276-3aab61921ef8-attachment.txt","type":"text/plain"}],"parameters":[],"start":1764083857697,"stop":1764083857845}],"attachments":[],"parameters":[],"start":1764083845888,"stop":1764083858039,"uuid":"93b9a2a6-0ea8-409d-8e6f-b2ed32b213f9","historyId":"1bcd399612a1e234ed8b4acfa6543a7d","fullName":"Adding new events: Adding an event with an invalid past date","labels":[{"name":"tag","value":"event"},{"name":"host","value":"35345e759bdd59a"},{"name":"thread","value":"6608@35345e759bdd59a.main(3)"},{"name":"feature","value":"Adding new events"},{"name":"story","value":"Adding an event with an invalid past date"},{"name":"suite","value":"Adding new events"},{"name":"testClass","value":"Adding an event with an invalid past date"},{"name":"framework","value":"cucumber4jvm"},{"name":"language","value":"java"},{"name":"gherkin_uri","value":"file:///C:/Users/Administrator/Documents/Selenium%20demo/codecharge_community_portal_capstone/features/Events.feature"},{"name":"package","value":"features.Events_feature.Adding new events"}],"links":[]}