<?xml version="1.0" encoding="UTF-8"?>
<testng-results ignored="0" total="11" passed="11" failed="0" skipped="0">
  <reporter-output>
  </reporter-output>
  <suite started-at="2025-11-24T16:41:45 IST" name="Suite" finished-at="2025-11-24T16:44:13 IST" duration-ms="148535">
    <groups>
      <group name="cucumber">
        <method signature="AbstractTestNGCucumberTests.runScenario(io.cucumber.testng.PickleWrapper, io.cucumber.testng.FeatureWrapper)[pri:0, instance:testrunner@6166e06f]" name="runScenario" class="io.cucumber.testng.AbstractTestNGCucumberTests"/>
      </group> <!-- cucumber -->
    </groups>
    <test started-at="2025-11-24T16:41:45 IST" name="Test" finished-at="2025-11-24T16:44:13 IST" duration-ms="148510">
      <class name="testrunner">
        <test-method is-config="true" signature="setUpClass()[pri:0, instance:testrunner@6166e06f]" started-at="2025-11-24T16:41:45 IST" name="setUpClass" finished-at="2025-11-24T16:41:45 IST" duration-ms="257" status="PASS">
          <reporter-output>
          </reporter-output>
        </test-method> <!-- setUpClass -->
        <test-method signature="runScenario(io.cucumber.testng.PickleWrapper, io.cucumber.testng.FeatureWrapper)[pri:0, instance:testrunner@6166e06f]" started-at="2025-11-24T16:41:45 IST" name="runScenario" description="Runs Cucumber Scenarios" data-provider="scenarios" finished-at="2025-11-24T16:41:55 IST" duration-ms="10151" status="PASS">
          <params>
            <param index="0">
              <value>
                <![CDATA["Signin with valid details"]]>
              </value>
            </param>
            <param index="1">
              <value>
                <![CDATA["Optional[Signin]"]]>
              </value>
            </param>
          </params>
          <reporter-output>
          </reporter-output>
        </test-method> <!-- runScenario -->
        <test-method signature="runScenario(io.cucumber.testng.PickleWrapper, io.cucumber.testng.FeatureWrapper)[pri:0, instance:testrunner@6166e06f]" started-at="2025-11-24T16:41:55 IST" name="runScenario" description="Runs Cucumber Scenarios" data-provider="scenarios" finished-at="2025-11-24T16:42:06 IST" duration-ms="10939" status="PASS">
          <params>
            <param index="0">
              <value>
                <![CDATA["Signin with valid details"]]>
              </value>
            </param>
            <param index="1">
              <value>
                <![CDATA["Optional[Signin]"]]>
              </value>
            </param>
          </params>
          <reporter-output>
          </reporter-output>
        </test-method> <!-- runScenario -->
        <test-method signature="runScenario(io.cucumber.testng.PickleWrapper, io.cucumber.testng.FeatureWrapper)[pri:0, instance:testrunner@6166e06f]" started-at="2025-11-24T16:42:06 IST" name="runScenario" description="Runs Cucumber Scenarios" data-provider="scenarios" finished-at="2025-11-24T16:42:15 IST" duration-ms="8483" status="PASS">
          <params>
            <param index="0">
              <value>
                <![CDATA["Signin with invalid details"]]>
              </value>
            </param>
            <param index="1">
              <value>
                <![CDATA["Optional[Signin]"]]>
              </value>
            </param>
          </params>
          <reporter-output>
          </reporter-output>
        </test-method> <!-- runScenario -->
        <test-method signature="runScenario(io.cucumber.testng.PickleWrapper, io.cucumber.testng.FeatureWrapper)[pri:0, instance:testrunner@6166e06f]" started-at="2025-11-24T16:42:15 IST" name="runScenario" description="Runs Cucumber Scenarios" data-provider="scenarios" finished-at="2025-11-24T16:42:23 IST" duration-ms="8762" status="PASS">
          <params>
            <param index="0">
              <value>
                <![CDATA["Signin with invalid details"]]>
              </value>
            </param>
            <param index="1">
              <value>
                <![CDATA["Optional[Signin]"]]>
              </value>
            </param>
          </params>
          <reporter-output>
          </reporter-output>
        </test-method> <!-- runScenario -->
        <test-method signature="runScenario(io.cucumber.testng.PickleWrapper, io.cucumber.testng.FeatureWrapper)[pri:0, instance:testrunner@6166e06f]" started-at="2025-11-24T16:42:23 IST" name="runScenario" description="Runs Cucumber Scenarios" data-provider="scenarios" finished-at="2025-11-24T16:42:40 IST" duration-ms="16799" status="PASS">
          <params>
            <param index="0">
              <value>
                <![CDATA["Updating Email using a valid email id"]]>
              </value>
            </param>
            <param index="1">
              <value>
                <![CDATA["Optional[Email Updation]"]]>
              </value>
            </param>
          </params>
          <reporter-output>
          </reporter-output>
        </test-method> <!-- runScenario -->
        <test-method signature="runScenario(io.cucumber.testng.PickleWrapper, io.cucumber.testng.FeatureWrapper)[pri:0, instance:testrunner@6166e06f]" started-at="2025-11-24T16:42:40 IST" name="runScenario" description="Runs Cucumber Scenarios" data-provider="scenarios" finished-at="2025-11-24T16:42:59 IST" duration-ms="18736" status="PASS">
          <params>
            <param index="0">
              <value>
                <![CDATA["Updating Email using a valid email id"]]>
              </value>
            </param>
            <param index="1">
              <value>
                <![CDATA["Optional[Email Updation]"]]>
              </value>
            </param>
          </params>
          <reporter-output>
          </reporter-output>
        </test-method> <!-- runScenario -->
        <test-method signature="runScenario(io.cucumber.testng.PickleWrapper, io.cucumber.testng.FeatureWrapper)[pri:0, instance:testrunner@6166e06f]" started-at="2025-11-24T16:42:59 IST" name="runScenario" description="Runs Cucumber Scenarios" data-provider="scenarios" finished-at="2025-11-24T16:43:28 IST" duration-ms="28768" status="PASS">
          <params>
            <param index="0">
              <value>
                <![CDATA["Updating Email with an invalid email id"]]>
              </value>
            </param>
            <param index="1">
              <value>
                <![CDATA["Optional[Email Updation]"]]>
              </value>
            </param>
          </params>
          <reporter-output>
          </reporter-output>
        </test-method> <!-- runScenario -->
        <test-method signature="runScenario(io.cucumber.testng.PickleWrapper, io.cucumber.testng.FeatureWrapper)[pri:0, instance:testrunner@6166e06f]" started-at="2025-11-24T16:43:28 IST" name="runScenario" description="Runs Cucumber Scenarios" data-provider="scenarios" finished-at="2025-11-24T16:43:56 IST" duration-ms="28154" status="PASS">
          <params>
            <param index="0">
              <value>
                <![CDATA["Updating Email with an invalid email id"]]>
              </value>
            </param>
            <param index="1">
              <value>
                <![CDATA["Optional[Email Updation]"]]>
              </value>
            </param>
          </params>
          <reporter-output>
          </reporter-output>
        </test-method> <!-- runScenario -->
        <test-method signature="runScenario(io.cucumber.testng.PickleWrapper, io.cucumber.testng.FeatureWrapper)[pri:0, instance:testrunner@6166e06f]" started-at="2025-11-24T16:43:56 IST" name="runScenario" description="Runs Cucumber Scenarios" data-provider="scenarios" finished-at="2025-11-24T16:44:05 IST" duration-ms="9760" status="PASS">
          <params>
            <param index="0">
              <value>
                <![CDATA["Accessing admin dashboard as admin"]]>
              </value>
            </param>
            <param index="1">
              <value>
                <![CDATA["Optional[Admin dashboard]"]]>
              </value>
            </param>
          </params>
          <reporter-output>
          </reporter-output>
        </test-method> <!-- runScenario -->
        <test-method signature="runScenario(io.cucumber.testng.PickleWrapper, io.cucumber.testng.FeatureWrapper)[pri:0, instance:testrunner@6166e06f]" started-at="2025-11-24T16:44:05 IST" name="runScenario" description="Runs Cucumber Scenarios" data-provider="scenarios" finished-at="2025-11-24T16:44:13 IST" duration-ms="7667" status="PASS">
          <params>
            <param index="0">
              <value>
                <![CDATA["Accessing admin dashboard as guest"]]>
              </value>
            </param>
            <param index="1">
              <value>
                <![CDATA["Optional[Admin dashboard]"]]>
              </value>
            </param>
          </params>
          <reporter-output>
          </reporter-output>
        </test-method> <!-- runScenario -->
        <test-method is-config="true" signature="tearDownClass()[pri:0, instance:testrunner@6166e06f]" started-at="2025-11-24T16:44:13 IST" name="tearDownClass" finished-at="2025-11-24T16:44:13 IST" duration-ms="3" status="PASS">
          <reporter-output>
          </reporter-output>
        </test-method> <!-- tearDownClass -->
      </class> <!-- testrunner -->
    </test> <!-- Test -->
    <test started-at="2025-11-24T16:44:13 IST" name="Test2" finished-at="2025-11-24T16:44:13 IST" duration-ms="1">
      <class name="utilities.extentreport">
        <test-method is-config="true" signature="beforeSuite()[pri:0, instance:utilities.extentreport@351d0846]" started-at="2025-11-24T16:41:45 IST" name="beforeSuite" finished-at="2025-11-24T16:41:45 IST" duration-ms="151" status="PASS">
          <reporter-output>
          </reporter-output>
        </test-method> <!-- beforeSuite -->
        <test-method signature="f()[pri:0, instance:utilities.extentreport@351d0846]" started-at="2025-11-24T16:44:13 IST" name="f" finished-at="2025-11-24T16:44:13 IST" duration-ms="0" status="PASS">
          <reporter-output>
          </reporter-output>
        </test-method> <!-- f -->
        <test-method is-config="true" signature="afterSuite()[pri:0, instance:utilities.extentreport@351d0846]" started-at="2025-11-24T16:44:13 IST" name="afterSuite" finished-at="2025-11-24T16:44:13 IST" duration-ms="242" status="PASS">
          <reporter-output>
          </reporter-output>
        </test-method> <!-- afterSuite -->
      </class> <!-- utilities.extentreport -->
    </test> <!-- Test2 -->
  </suite> <!-- Suite -->
</testng-results>
