<?xml version="1.0" encoding="UTF-8"?>
<testng-results ignored="0" total="13" passed="13" failed="0" skipped="0">
  <reporter-output>
  </reporter-output>
  <suite started-at="2025-11-25T13:23:11 IST" name="Suite" finished-at="2025-11-25T13:28:06 IST" duration-ms="294770">
    <groups>
      <group name="cucumber">
        <method signature="AbstractTestNGCucumberTests.runScenario(io.cucumber.testng.PickleWrapper, io.cucumber.testng.FeatureWrapper)[pri:0, instance:testrunner@16267862]" name="runScenario" class="io.cucumber.testng.AbstractTestNGCucumberTests"/>
      </group> <!-- cucumber -->
    </groups>
    <test started-at="2025-11-25T13:23:11 IST" name="Test" finished-at="2025-11-25T13:28:06 IST" duration-ms="294738">
      <class name="testrunner">
        <test-method is-config="true" signature="setUpClass()[pri:0, instance:testrunner@16267862]" started-at="2025-11-25T13:23:11 IST" name="setUpClass" finished-at="2025-11-25T13:23:11 IST" duration-ms="259" status="PASS">
          <reporter-output>
          </reporter-output>
        </test-method> <!-- setUpClass -->
        <test-method signature="runScenario(io.cucumber.testng.PickleWrapper, io.cucumber.testng.FeatureWrapper)[pri:0, instance:testrunner@16267862]" started-at="2025-11-25T13:23:11 IST" name="runScenario" description="Runs Cucumber Scenarios" data-provider="scenarios" finished-at="2025-11-25T13:23:35 IST" duration-ms="24187" status="PASS">
          <params>
            <param index="0">
              <value>
                <![CDATA["Adding an event with a valid future date"]]>
              </value>
            </param>
            <param index="1">
              <value>
                <![CDATA["Optional[Adding new events]"]]>
              </value>
            </param>
          </params>
          <reporter-output>
          </reporter-output>
        </test-method> <!-- runScenario -->
        <test-method signature="runScenario(io.cucumber.testng.PickleWrapper, io.cucumber.testng.FeatureWrapper)[pri:0, instance:testrunner@16267862]" started-at="2025-11-25T13:23:35 IST" name="runScenario" description="Runs Cucumber Scenarios" data-provider="scenarios" finished-at="2025-11-25T13:24:14 IST" duration-ms="38609" status="PASS">
          <params>
            <param index="0">
              <value>
                <![CDATA["Adding an event with an invalid past date"]]>
              </value>
            </param>
            <param index="1">
              <value>
                <![CDATA["Optional[Adding new events]"]]>
              </value>
            </param>
          </params>
          <reporter-output>
          </reporter-output>
        </test-method> <!-- runScenario -->
        <test-method signature="runScenario(io.cucumber.testng.PickleWrapper, io.cucumber.testng.FeatureWrapper)[pri:0, instance:testrunner@16267862]" started-at="2025-11-25T13:24:14 IST" name="runScenario" description="Runs Cucumber Scenarios" data-provider="scenarios" finished-at="2025-11-25T13:24:27 IST" duration-ms="13089" status="PASS">
          <params>
            <param index="0">
              <value>
                <![CDATA["Signin with valid details"]]>
              </value>
            </param>
            <param index="1">
              <value>
                <![CDATA["Optional[Signin]"]]>
              </value>
            </param>
          </params>
          <reporter-output>
          </reporter-output>
        </test-method> <!-- runScenario -->
        <test-method signature="runScenario(io.cucumber.testng.PickleWrapper, io.cucumber.testng.FeatureWrapper)[pri:0, instance:testrunner@16267862]" started-at="2025-11-25T13:24:27 IST" name="runScenario" description="Runs Cucumber Scenarios" data-provider="scenarios" finished-at="2025-11-25T13:24:46 IST" duration-ms="19296" status="PASS">
          <params>
            <param index="0">
              <value>
                <![CDATA["Signin with valid details"]]>
              </value>
            </param>
            <param index="1">
              <value>
                <![CDATA["Optional[Signin]"]]>
              </value>
            </param>
          </params>
          <reporter-output>
          </reporter-output>
        </test-method> <!-- runScenario -->
        <test-method signature="runScenario(io.cucumber.testng.PickleWrapper, io.cucumber.testng.FeatureWrapper)[pri:0, instance:testrunner@16267862]" started-at="2025-11-25T13:24:46 IST" name="runScenario" description="Runs Cucumber Scenarios" data-provider="scenarios" finished-at="2025-11-25T13:24:56 IST" duration-ms="9809" status="PASS">
          <params>
            <param index="0">
              <value>
                <![CDATA["Signin with invalid details"]]>
              </value>
            </param>
            <param index="1">
              <value>
                <![CDATA["Optional[Signin]"]]>
              </value>
            </param>
          </params>
          <reporter-output>
          </reporter-output>
        </test-method> <!-- runScenario -->
        <test-method signature="runScenario(io.cucumber.testng.PickleWrapper, io.cucumber.testng.FeatureWrapper)[pri:0, instance:testrunner@16267862]" started-at="2025-11-25T13:24:56 IST" name="runScenario" description="Runs Cucumber Scenarios" data-provider="scenarios" finished-at="2025-11-25T13:25:28 IST" duration-ms="32035" status="PASS">
          <params>
            <param index="0">
              <value>
                <![CDATA["Signin with invalid details"]]>
              </value>
            </param>
            <param index="1">
              <value>
                <![CDATA["Optional[Signin]"]]>
              </value>
            </param>
          </params>
          <reporter-output>
          </reporter-output>
        </test-method> <!-- runScenario -->
        <test-method signature="runScenario(io.cucumber.testng.PickleWrapper, io.cucumber.testng.FeatureWrapper)[pri:0, instance:testrunner@16267862]" started-at="2025-11-25T13:25:28 IST" name="runScenario" description="Runs Cucumber Scenarios" data-provider="scenarios" finished-at="2025-11-25T13:25:55 IST" duration-ms="26388" status="PASS">
          <params>
            <param index="0">
              <value>
                <![CDATA["Updating Email using a valid email id"]]>
              </value>
            </param>
            <param index="1">
              <value>
                <![CDATA["Optional[Email Updation]"]]>
              </value>
            </param>
          </params>
          <reporter-output>
          </reporter-output>
        </test-method> <!-- runScenario -->
        <test-method signature="runScenario(io.cucumber.testng.PickleWrapper, io.cucumber.testng.FeatureWrapper)[pri:0, instance:testrunner@16267862]" started-at="2025-11-25T13:25:55 IST" name="runScenario" description="Runs Cucumber Scenarios" data-provider="scenarios" finished-at="2025-11-25T13:26:20 IST" duration-ms="25375" status="PASS">
          <params>
            <param index="0">
              <value>
                <![CDATA["Updating Email using a valid email id"]]>
              </value>
            </param>
            <param index="1">
              <value>
                <![CDATA["Optional[Email Updation]"]]>
              </value>
            </param>
          </params>
          <reporter-output>
          </reporter-output>
        </test-method> <!-- runScenario -->
        <test-method signature="runScenario(io.cucumber.testng.PickleWrapper, io.cucumber.testng.FeatureWrapper)[pri:0, instance:testrunner@16267862]" started-at="2025-11-25T13:26:20 IST" name="runScenario" description="Runs Cucumber Scenarios" data-provider="scenarios" finished-at="2025-11-25T13:26:49 IST" duration-ms="29290" status="PASS">
          <params>
            <param index="0">
              <value>
                <![CDATA["Updating Email with an invalid email id"]]>
              </value>
            </param>
            <param index="1">
              <value>
                <![CDATA["Optional[Email Updation]"]]>
              </value>
            </param>
          </params>
          <reporter-output>
          </reporter-output>
        </test-method> <!-- runScenario -->
        <test-method signature="runScenario(io.cucumber.testng.PickleWrapper, io.cucumber.testng.FeatureWrapper)[pri:0, instance:testrunner@16267862]" started-at="2025-11-25T13:26:49 IST" name="runScenario" description="Runs Cucumber Scenarios" data-provider="scenarios" finished-at="2025-11-25T13:27:43 IST" duration-ms="53666" status="PASS">
          <params>
            <param index="0">
              <value>
                <![CDATA["Updating Email with an invalid email id"]]>
              </value>
            </param>
            <param index="1">
              <value>
                <![CDATA["Optional[Email Updation]"]]>
              </value>
            </param>
          </params>
          <reporter-output>
          </reporter-output>
        </test-method> <!-- runScenario -->
        <test-method signature="runScenario(io.cucumber.testng.PickleWrapper, io.cucumber.testng.FeatureWrapper)[pri:0, instance:testrunner@16267862]" started-at="2025-11-25T13:27:43 IST" name="runScenario" description="Runs Cucumber Scenarios" data-provider="scenarios" finished-at="2025-11-25T13:27:55 IST" duration-ms="11959" status="PASS">
          <params>
            <param index="0">
              <value>
                <![CDATA["Accessing admin dashboard as admin"]]>
              </value>
            </param>
            <param index="1">
              <value>
                <![CDATA["Optional[Admin dashboard]"]]>
              </value>
            </param>
          </params>
          <reporter-output>
          </reporter-output>
        </test-method> <!-- runScenario -->
        <test-method signature="runScenario(io.cucumber.testng.PickleWrapper, io.cucumber.testng.FeatureWrapper)[pri:0, instance:testrunner@16267862]" started-at="2025-11-25T13:27:55 IST" name="runScenario" description="Runs Cucumber Scenarios" data-provider="scenarios" finished-at="2025-11-25T13:28:06 IST" duration-ms="10743" status="PASS">
          <params>
            <param index="0">
              <value>
                <![CDATA["Accessing admin dashboard as guest"]]>
              </value>
            </param>
            <param index="1">
              <value>
                <![CDATA["Optional[Admin dashboard]"]]>
              </value>
            </param>
          </params>
          <reporter-output>
          </reporter-output>
        </test-method> <!-- runScenario -->
        <test-method is-config="true" signature="tearDownClass()[pri:0, instance:testrunner@16267862]" started-at="2025-11-25T13:28:06 IST" name="tearDownClass" finished-at="2025-11-25T13:28:06 IST" duration-ms="4" status="PASS">
          <reporter-output>
          </reporter-output>
        </test-method> <!-- tearDownClass -->
      </class> <!-- testrunner -->
    </test> <!-- Test -->
    <test started-at="2025-11-25T13:28:06 IST" name="Test2" finished-at="2025-11-25T13:28:06 IST" duration-ms="1">
      <class name="utilities.extentreport">
        <test-method is-config="true" signature="beforeSuite()[pri:0, instance:utilities.extentreport@279ad2e3]" started-at="2025-11-25T13:23:11 IST" name="beforeSuite" finished-at="2025-11-25T13:23:11 IST" duration-ms="149" status="PASS">
          <reporter-output>
          </reporter-output>
        </test-method> <!-- beforeSuite -->
        <test-method signature="f()[pri:0, instance:utilities.extentreport@279ad2e3]" started-at="2025-11-25T13:28:06 IST" name="f" finished-at="2025-11-25T13:28:06 IST" duration-ms="0" status="PASS">
          <reporter-output>
          </reporter-output>
        </test-method> <!-- f -->
        <test-method is-config="true" signature="afterSuite()[pri:0, instance:utilities.extentreport@279ad2e3]" started-at="2025-11-25T13:28:06 IST" name="afterSuite" finished-at="2025-11-25T13:28:06 IST" duration-ms="228" status="PASS">
          <reporter-output>
          </reporter-output>
        </test-method> <!-- afterSuite -->
      </class> <!-- utilities.extentreport -->
    </test> <!-- Test2 -->
  </suite> <!-- Suite -->
</testng-results>
