<?xml version="1.0" encoding="UTF-8"?>
<!-- Generated by org.testng.reporters.JUnitReportReporter -->
<testsuite hostname="35345e759bdd59a" failures="0" tests="2" name="testrunner" time="11.755" errors="1" timestamp="2025-11-24T15:48:16 IST" skipped="0">
  <testcase classname="testrunner" name="runScenario" time="5.108"/>
  <system-out/>
  <testcase classname="testrunner" name="runScenario" time="6.647">
    <error message="Cannot invoke &quot;org.openqa.selenium.WebDriver.findElement(org.openqa.selenium.By)&quot; because &quot;driver&quot; is null" type="java.lang.NullPointerException">
      <![CDATA[java.lang.NullPointerException: Cannot invoke "org.openqa.selenium.WebDriver.findElement(org.openqa.selenium.By)" because "driver" is null
at org.openqa.selenium.support.ui.ExpectedConditions$7.apply(ExpectedConditions.java:198)
at org.openqa.selenium.support.ui.ExpectedConditions$7.apply(ExpectedConditions.java:194)
at org.openqa.selenium.support.ui.ExpectedConditions$22.apply(ExpectedConditions.java:632)
at org.openqa.selenium.support.ui.ExpectedConditions$22.apply(ExpectedConditions.java:629)
at org.openqa.selenium.support.ui.FluentWait.until(FluentWait.java:203)
at pageobjects.Admin.clickadminbutton(Admin.java:20)
at stepdefinition.tc5_valid_admin_dashboard.the_user_enters_the_username_as_and_password_as_and_then_clicks_the_admin_option(tc5_valid_admin_dashboard.java:34)
at âœ½.the user enters the username as "admin" and password as "admin" and then clicks the admin option(file:///C:/Users/Administrator/Documents/Selenium%20demo/codecharge_community_portal_capstone/features/adminLogin.feature:5)
]]>
    </error>
  </testcase> <!-- runScenario -->
  <system-out/>
</testsuite> <!-- testrunner -->
