<?xml version="1.0" encoding="UTF-8"?>
<!-- Generated by org.testng.reporters.JUnitReportReporter -->
<testsuite hostname="35345e759bdd59a" failures="0" tests="12" name="testrunner" time="294.446" errors="0" timestamp="2025-11-25T13:28:06 IST" skipped="0">
  <testcase classname="testrunner" name="runScenario" time="38.609"/>
  <system-out/>
  <testcase classname="testrunner" name="runScenario" time="29.290"/>
  <system-out/>
  <testcase classname="testrunner" name="runScenario" time="9.809"/>
  <system-out/>
  <testcase classname="testrunner" name="runScenario" time="53.666"/>
  <system-out/>
  <testcase classname="testrunner" name="runScenario" time="11.959"/>
  <system-out/>
  <testcase classname="testrunner" name="runScenario" time="19.296"/>
  <system-out/>
  <testcase classname="testrunner" name="runScenario" time="25.375"/>
  <system-out/>
  <testcase classname="testrunner" name="runScenario" time="10.743"/>
  <system-out/>
  <testcase classname="testrunner" name="runScenario" time="13.089"/>
  <system-out/>
  <testcase classname="testrunner" name="runScenario" time="24.187"/>
  <system-out/>
  <testcase classname="testrunner" name="runScenario" time="26.388"/>
  <system-out/>
  <testcase classname="testrunner" name="runScenario" time="32.035"/>
  <system-out/>
</testsuite> <!-- testrunner -->
