<?xml version="1.0" encoding="UTF-8"?>
<!-- Generated by org.testng.reporters.JUnitReportReporter -->
<testsuite hostname="35345e759bdd59a" failures="0" tests="10" name="testrunner" time="148.219" errors="0" timestamp="2025-11-24T16:44:13 IST" skipped="0">
  <testcase classname="testrunner" name="runScenario" time="7.667"/>
  <system-out/>
  <testcase classname="testrunner" name="runScenario" time="18.736"/>
  <system-out/>
  <testcase classname="testrunner" name="runScenario" time="28.768"/>
  <system-out/>
  <testcase classname="testrunner" name="runScenario" time="10.151"/>
  <system-out/>
  <testcase classname="testrunner" name="runScenario" time="8.483"/>
  <system-out/>
  <testcase classname="testrunner" name="runScenario" time="16.799"/>
  <system-out/>
  <testcase classname="testrunner" name="runScenario" time="28.154"/>
  <system-out/>
  <testcase classname="testrunner" name="runScenario" time="8.762"/>
  <system-out/>
  <testcase classname="testrunner" name="runScenario" time="10.939"/>
  <system-out/>
  <testcase classname="testrunner" name="runScenario" time="9.760"/>
  <system-out/>
</testsuite> <!-- testrunner -->
