<?xml version="1.0" encoding="UTF-8"?>
<!-- Generated by org.testng.reporters.JUnitReportReporter -->
<testsuite hostname="35345e759bdd59a" failures="1" tests="12" name="testrunner" time="221.285" errors="2" timestamp="2025-11-25T21:02:37 IST" skipped="0">
  <testcase classname="testrunner" name="runScenario" time="14.075"/>
  <system-out/>
  <testcase classname="testrunner" name="runScenario" time="9.283"/>
  <system-out/>
  <testcase classname="testrunner" name="runScenario" time="9.572"/>
  <system-out/>
  <testcase classname="testrunner" name="runScenario" time="54.944"/>
  <system-out/>
  <testcase classname="testrunner" name="runScenario" time="26.958">
    <error message="no such element: Unable to locate element: {&quot;method&quot;:&quot;xpath&quot;,&quot;selector&quot;:&quot;//*[contains(text(),&#039;Provide a valid email id&#039;)]&quot;}
  (Session info: MicrosoftEdge=142.0.3595.94)
For documentation on this error, please visit: https://www.selenium.dev/documentation/webdriver/troubleshooting/errors#nosuchelementexception
Build info: version: &#039;4.38.0&#039;, revision: &#039;6b412e825c*&#039;
System info: os.name: &#039;Windows 10&#039;, os.arch: &#039;amd64&#039;, os.version: &#039;10.0&#039;, java.version: &#039;25&#039;
Driver info: org.openqa.selenium.edge.EdgeDriver
Command: [8473399649dc122a9f1829461f316520, findElement {value=//*[contains(text(),&#039;Provide a valid email id&#039;)], using=xpath}]
Capabilities {acceptInsecureCerts: false, browserName: MicrosoftEdge, browserVersion: 142.0.3595.94, fedcm:accounts: true, goog:processID: 5916, ms:edgeOptions: {debuggerAddress: localhost:53344}, msedge: {msedgedriverVersion: 142.0.3595.94 (6565d6e52817..., userDataDir: C:\Windows\SystemTemp\scope...}, networkConnectionEnabled: false, pageLoadStrategy: normal, platformName: windows, proxy: Proxy(), se:cdp: ws://localhost:53344/devtoo..., se:cdpVersion: 142.0.3595.94, setWindowRect: true, strictFileInteractability: false, timeouts: {implicit: 0, pageLoad: 300000, script: 30000}, unhandledPromptBehavior: dismiss and notify, webauthn:extension:credBlob: true, webauthn:extension:largeBlob: true, webauthn:extension:minPinLength: true, webauthn:extension:prf: true, webauthn:virtualAuthenticators: true}
Session ID: 8473399649dc122a9f1829461f316520" type="org.openqa.selenium.NoSuchElementException">
      <![CDATA[org.openqa.selenium.NoSuchElementException: no such element: Unable to locate element: {"method":"xpath","selector":"//*[contains(text(),'Provide a valid email id')]"}
  (Session info: MicrosoftEdge=142.0.3595.94)
For documentation on this error, please visit: https://www.selenium.dev/documentation/webdriver/troubleshooting/errors#nosuchelementexception
Build info: version: '4.38.0', revision: '6b412e825c*'
System info: os.name: 'Windows 10', os.arch: 'amd64', os.version: '10.0', java.version: '25'
Driver info: org.openqa.selenium.edge.EdgeDriver
Command: [8473399649dc122a9f1829461f316520, findElement {value=//*[contains(text(),'Provide a valid email id')], using=xpath}]
Capabilities {acceptInsecureCerts: false, browserName: MicrosoftEdge, browserVersion: 142.0.3595.94, fedcm:accounts: true, goog:processID: 5916, ms:edgeOptions: {debuggerAddress: localhost:53344}, msedge: {msedgedriverVersion: 142.0.3595.94 (6565d6e52817..., userDataDir: C:\Windows\SystemTemp\scope...}, networkConnectionEnabled: false, pageLoadStrategy: normal, platformName: windows, proxy: Proxy(), se:cdp: ws://localhost:53344/devtoo..., se:cdpVersion: 142.0.3595.94, setWindowRect: true, strictFileInteractability: false, timeouts: {implicit: 0, pageLoad: 300000, script: 30000}, unhandledPromptBehavior: dismiss and notify, webauthn:extension:credBlob: true, webauthn:extension:largeBlob: true, webauthn:extension:minPinLength: true, webauthn:extension:prf: true, webauthn:virtualAuthenticators: true}
Session ID: 8473399649dc122a9f1829461f316520
at java.base/jdk.internal.reflect.DirectConstructorHandleAccessor.newInstance(DirectConstructorHandleAccessor.java:62)
at java.base/java.lang.reflect.Constructor.newInstanceWithCaller(Constructor.java:499)
at java.base/java.lang.reflect.Constructor.newInstance(Constructor.java:483)
at org.openqa.selenium.remote.ErrorCodec.decode(ErrorCodec.java:167)
at org.openqa.selenium.remote.codec.w3c.W3CHttpResponseCodec.decode(W3CHttpResponseCodec.java:138)
at org.openqa.selenium.remote.codec.w3c.W3CHttpResponseCodec.decode(W3CHttpResponseCodec.java:50)
at org.openqa.selenium.remote.HttpCommandExecutor.execute(HttpCommandExecutor.java:215)
at org.openqa.selenium.remote.service.DriverCommandExecutor.invokeExecute(DriverCommandExecutor.java:216)
at org.openqa.selenium.remote.service.DriverCommandExecutor.execute(DriverCommandExecutor.java:174)
at org.openqa.selenium.remote.RemoteWebDriver.execute(RemoteWebDriver.java:557)
at org.openqa.selenium.remote.ElementLocation$ElementFinder$2.findElement(ElementLocation.java:165)
at org.openqa.selenium.remote.ElementLocation.findElement(ElementLocation.java:59)
at org.openqa.selenium.remote.RemoteWebDriver.findElement(RemoteWebDriver.java:380)
at org.openqa.selenium.remote.RemoteWebDriver.findElement(RemoteWebDriver.java:374)
at stepdefinition.tc4_invalid_email_updation.the_system_should_display_an_error_message(tc4_invalid_email_updation.java:42)
at ✽.the system should display an error message Provide a valid email id(file:///C:/Users/Administrator/Documents/Selenium%20demo/codecharge_community_portal_capstone/features/Update.feature:16)
]]>
    </error>
  </testcase> <!-- runScenario -->
  <system-out/>
  <testcase classname="testrunner" name="runScenario" time="26.449">
    <error message="no such element: Unable to locate element: {&quot;method&quot;:&quot;xpath&quot;,&quot;selector&quot;:&quot;//*[contains(text(),&#039;Provide a valid email id&#039;)]&quot;}
  (Session info: MicrosoftEdge=142.0.3595.94)
For documentation on this error, please visit: https://www.selenium.dev/documentation/webdriver/troubleshooting/errors#nosuchelementexception
Build info: version: &#039;4.38.0&#039;, revision: &#039;6b412e825c*&#039;
System info: os.name: &#039;Windows 10&#039;, os.arch: &#039;amd64&#039;, os.version: &#039;10.0&#039;, java.version: &#039;25&#039;
Driver info: org.openqa.selenium.edge.EdgeDriver
Command: [6c4e86c2b34a19ecb5a39a2cbad6da02, findElement {value=//*[contains(text(),&#039;Provide a valid email id&#039;)], using=xpath}]
Capabilities {acceptInsecureCerts: false, browserName: MicrosoftEdge, browserVersion: 142.0.3595.94, fedcm:accounts: true, goog:processID: 7108, ms:edgeOptions: {debuggerAddress: localhost:53390}, msedge: {msedgedriverVersion: 142.0.3595.94 (6565d6e52817..., userDataDir: C:\Windows\SystemTemp\scope...}, networkConnectionEnabled: false, pageLoadStrategy: normal, platformName: windows, proxy: Proxy(), se:cdp: ws://localhost:53390/devtoo..., se:cdpVersion: 142.0.3595.94, setWindowRect: true, strictFileInteractability: false, timeouts: {implicit: 0, pageLoad: 300000, script: 30000}, unhandledPromptBehavior: dismiss and notify, webauthn:extension:credBlob: true, webauthn:extension:largeBlob: true, webauthn:extension:minPinLength: true, webauthn:extension:prf: true, webauthn:virtualAuthenticators: true}
Session ID: 6c4e86c2b34a19ecb5a39a2cbad6da02" type="org.openqa.selenium.NoSuchElementException">
      <![CDATA[org.openqa.selenium.NoSuchElementException: no such element: Unable to locate element: {"method":"xpath","selector":"//*[contains(text(),'Provide a valid email id')]"}
  (Session info: MicrosoftEdge=142.0.3595.94)
For documentation on this error, please visit: https://www.selenium.dev/documentation/webdriver/troubleshooting/errors#nosuchelementexception
Build info: version: '4.38.0', revision: '6b412e825c*'
System info: os.name: 'Windows 10', os.arch: 'amd64', os.version: '10.0', java.version: '25'
Driver info: org.openqa.selenium.edge.EdgeDriver
Command: [6c4e86c2b34a19ecb5a39a2cbad6da02, findElement {value=//*[contains(text(),'Provide a valid email id')], using=xpath}]
Capabilities {acceptInsecureCerts: false, browserName: MicrosoftEdge, browserVersion: 142.0.3595.94, fedcm:accounts: true, goog:processID: 7108, ms:edgeOptions: {debuggerAddress: localhost:53390}, msedge: {msedgedriverVersion: 142.0.3595.94 (6565d6e52817..., userDataDir: C:\Windows\SystemTemp\scope...}, networkConnectionEnabled: false, pageLoadStrategy: normal, platformName: windows, proxy: Proxy(), se:cdp: ws://localhost:53390/devtoo..., se:cdpVersion: 142.0.3595.94, setWindowRect: true, strictFileInteractability: false, timeouts: {implicit: 0, pageLoad: 300000, script: 30000}, unhandledPromptBehavior: dismiss and notify, webauthn:extension:credBlob: true, webauthn:extension:largeBlob: true, webauthn:extension:minPinLength: true, webauthn:extension:prf: true, webauthn:virtualAuthenticators: true}
Session ID: 6c4e86c2b34a19ecb5a39a2cbad6da02
at java.base/jdk.internal.reflect.DirectConstructorHandleAccessor.newInstance(DirectConstructorHandleAccessor.java:62)
at java.base/java.lang.reflect.Constructor.newInstanceWithCaller(Constructor.java:499)
at java.base/java.lang.reflect.Constructor.newInstance(Constructor.java:483)
at org.openqa.selenium.remote.ErrorCodec.decode(ErrorCodec.java:167)
at org.openqa.selenium.remote.codec.w3c.W3CHttpResponseCodec.decode(W3CHttpResponseCodec.java:138)
at org.openqa.selenium.remote.codec.w3c.W3CHttpResponseCodec.decode(W3CHttpResponseCodec.java:50)
at org.openqa.selenium.remote.HttpCommandExecutor.execute(HttpCommandExecutor.java:215)
at org.openqa.selenium.remote.service.DriverCommandExecutor.invokeExecute(DriverCommandExecutor.java:216)
at org.openqa.selenium.remote.service.DriverCommandExecutor.execute(DriverCommandExecutor.java:174)
at org.openqa.selenium.remote.RemoteWebDriver.execute(RemoteWebDriver.java:557)
at org.openqa.selenium.remote.ElementLocation$ElementFinder$2.findElement(ElementLocation.java:165)
at org.openqa.selenium.remote.ElementLocation.findElement(ElementLocation.java:59)
at org.openqa.selenium.remote.RemoteWebDriver.findElement(RemoteWebDriver.java:380)
at org.openqa.selenium.remote.RemoteWebDriver.findElement(RemoteWebDriver.java:374)
at stepdefinition.tc4_invalid_email_updation.the_system_should_display_an_error_message(tc4_invalid_email_updation.java:42)
at ✽.the system should display an error message Provide a valid email id(file:///C:/Users/Administrator/Documents/Selenium%20demo/codecharge_community_portal_capstone/features/Update.feature:16)
]]>
    </error>
  </testcase> <!-- runScenario -->
  <system-out/>
  <testcase classname="testrunner" name="runScenario" time="11.378"/>
  <system-out/>
  <testcase classname="testrunner" name="runScenario" time="8.215"/>
  <system-out/>
  <testcase classname="testrunner" name="runScenario" time="14.691">
    <failure message="expected [true] but found [false]" type="java.lang.AssertionError">
      <![CDATA[java.lang.AssertionError: expected [true] but found [false]
at org.testng.Assert.fail(Assert.java:97)
at org.testng.Assert.failNotEquals(Assert.java:969)
at org.testng.Assert.assertTrue(Assert.java:43)
at org.testng.Assert.assertTrue(Assert.java:53)
at stepdefinition.tc8_adding_invalid_event.the_system_should_display_and_error_message_Event_date_must_be_today_or_a_future_date(tc8_adding_invalid_event.java:54)
at ✽.the system should display and error message Event date must be today or a future date(file:///C:/Users/Administrator/Documents/Selenium%20demo/codecharge_community_portal_capstone/features/Events.feature:13)
]]>
    </failure>
  </testcase> <!-- runScenario -->
  <system-out/>
  <testcase classname="testrunner" name="runScenario" time="17.928"/>
  <system-out/>
  <testcase classname="testrunner" name="runScenario" time="12.419"/>
  <system-out/>
  <testcase classname="testrunner" name="runScenario" time="15.373"/>
  <system-out/>
</testsuite> <!-- testrunner -->
